++++++++++++++++++++++++++++++++++++++++++++++++++++++++++++++++++++++++++++
LHC13b_pass3
++++++++++++++++++++++++++++++++++++++++++++++++++++++++++++++++++++++++++++
pp, #sqrt{#it{s}} = 2.76 TeV
++++++++++++++++++++++++++++++++++++++++++++++++++++++++++++++++++++++++++++
processed cut: 80052013_00200009327000008250400000_1111141053032230000_0163103100000010
EMCal, Modules: 10, Cells: 11520
++++++++++++++++++++++++++++++++++++++++++++++++++++++++++++++++++++++++++++
Looping over Runs:
----------------------------------------------------------------------------
Processing file: /home/dhruv/afterburner/AnalysisSoftware/DataQA/20160307/LHC13b_pass3/195344/GammaConvCalo_20.root
Run: 195344
NEventsAll: '0', NEvents (for normalization): '0'
----------------------------------------------------------------------------
----------------------------------------------------------------------------
Processing file: /home/dhruv/afterburner/AnalysisSoftware/DataQA/20160307/LHC13b_pass3/195351/GammaConvCalo_20.root
Run: 195351
NEventsAll: '0', NEvents (for normalization): '0'
----------------------------------------------------------------------------
----------------------------------------------------------------------------
Processing file: /home/dhruv/afterburner/AnalysisSoftware/DataQA/20160307/LHC13b_pass3/195389/GammaConvCalo_20.root
Run: 195389
NEventsAll: '0', NEvents (for normalization): '0'
----------------------------------------------------------------------------
----------------------------------------------------------------------------
Processing file: /home/dhruv/afterburner/AnalysisSoftware/DataQA/20160307/LHC13b_pass3/195391/GammaConvCalo_20.root
Run: 195391
NEventsAll: '0', NEvents (for normalization): '0'
----------------------------------------------------------------------------
----------------------------------------------------------------------------
Processing file: /home/dhruv/afterburner/AnalysisSoftware/DataQA/20160307/LHC13b_pass3/195478/GammaConvCalo_20.root
Run: 195478
NEventsAll: '0', NEvents (for normalization): '0'
----------------------------------------------------------------------------
----------------------------------------------------------------------------
Processing file: /home/dhruv/afterburner/AnalysisSoftware/DataQA/20160307/LHC13b_pass3/195479/GammaConvCalo_20.root
Run: 195479
NEventsAll: '0', NEvents (for normalization): '0'
----------------------------------------------------------------------------
----------------------------------------------------------------------------
Processing file: /home/dhruv/afterburner/AnalysisSoftware/DataQA/20160307/LHC13b_pass3/195480/GammaConvCalo_20.root
Run: 195480
NEventsAll: '0', NEvents (for normalization): '0'
----------------------------------------------------------------------------
----------------------------------------------------------------------------
Processing file: /home/dhruv/afterburner/AnalysisSoftware/DataQA/20160307/LHC13b_pass3/195481/GammaConvCalo_20.root
Run: 195481
NEventsAll: '0', NEvents (for normalization): '0'
----------------------------------------------------------------------------
----------------------------------------------------------------------------
Processing file: /home/dhruv/afterburner/AnalysisSoftware/DataQA/20160307/LHC13b_pass3/195482/GammaConvCalo_20.root
Run: 195482
NEventsAll: '0', NEvents (for normalization): '0'
----------------------------------------------------------------------------
----------------------------------------------------------------------------
Processing file: /home/dhruv/afterburner/AnalysisSoftware/DataQA/20160307/LHC13b_pass3/195483/GammaConvCalo_20.root
Run: 195483
NEventsAll: '0', NEvents (for normalization): '0'
----------------------------------------------------------------------------
